14-Aug-2022 12:07:15 INFO - Closing JPA EntityManagerFactory for persistence unit 'default'
14-Aug-2022 12:07:15 INFO - HikariPool-1 - Shutdown initiated...
14-Aug-2022 12:07:15 INFO - HikariPool-1 - Shutdown completed.
14-Aug-2022 12:07:16 INFO - Bootstrapping Spring Data JPA repositories in DEFAULT mode.
14-Aug-2022 12:07:16 INFO - Finished Spring Data repository scanning in 15 ms. Found 2 JPA repository interfaces.
14-Aug-2022 12:07:16 INFO - Tomcat initialized with port(s): 7777 (http)
14-Aug-2022 12:07:16 INFO - Initializing ProtocolHandler ["http-nio-7777"]
14-Aug-2022 12:07:16 INFO - Starting service [Tomcat]
14-Aug-2022 12:07:16 INFO - Starting Servlet engine: [Apache Tomcat/9.0.65]
14-Aug-2022 12:07:16 INFO - Initializing Spring embedded WebApplicationContext
14-Aug-2022 12:07:16 INFO - Root WebApplicationContext: initialization completed in 612 ms
14-Aug-2022 12:07:16 INFO - HikariPool-2 - Starting...
14-Aug-2022 12:07:16 INFO - HikariPool-2 - Start completed.
14-Aug-2022 12:07:16 INFO - HHH000204: Processing PersistenceUnitInfo [name: default]
14-Aug-2022 12:07:16 INFO - HHH000400: Using dialect: org.hibernate.dialect.MySQL8Dialect
14-Aug-2022 12:07:17 INFO - HHH000490: Using JtaPlatform implementation: [org.hibernate.engine.transaction.jta.platform.internal.NoJtaPlatform]
14-Aug-2022 12:07:17 INFO - Initialized JPA EntityManagerFactory for persistence unit 'default'
14-Aug-2022 12:07:17 WARN - spring.jpa.open-in-view is enabled by default. Therefore, database queries may be performed during view rendering. Explicitly configure spring.jpa.open-in-view to disable this warning
14-Aug-2022 12:07:17 INFO - LiveReload server is running on port 35729
14-Aug-2022 12:07:17 INFO - Starting ProtocolHandler ["http-nio-7777"]
14-Aug-2022 12:07:17 INFO - Tomcat started on port(s): 7777 (http) with context path ''
14-Aug-2022 12:07:17 INFO - Condition evaluation unchanged
14-Aug-2022 12:07:21 INFO - Neither @ContextConfiguration nor @ContextHierarchy found for test class [com.example.Springdataintegrated2ApplicationTests], using SpringBootContextLoader
14-Aug-2022 12:07:21 INFO - Could not detect default resource locations for test class [com.example.Springdataintegrated2ApplicationTests]: no resource found for suffixes {-context.xml, Context.groovy}.
14-Aug-2022 12:07:21 INFO - Could not detect default configuration classes for test class [com.example.Springdataintegrated2ApplicationTests]: Springdataintegrated2ApplicationTests does not declare any static, non-private, non-final, nested classes annotated with @Configuration.
14-Aug-2022 12:07:22 INFO - Found @SpringBootConfiguration com.example.Springdataintegrated2Application for test class com.example.Springdataintegrated2ApplicationTests
14-Aug-2022 12:07:22 INFO - Loaded default TestExecutionListener class names from location [META-INF/spring.factories]: [org.springframework.boot.test.mock.mockito.MockitoTestExecutionListener, org.springframework.boot.test.mock.mockito.ResetMocksTestExecutionListener, org.springframework.boot.test.autoconfigure.restdocs.RestDocsTestExecutionListener, org.springframework.boot.test.autoconfigure.web.client.MockRestServiceServerResetTestExecutionListener, org.springframework.boot.test.autoconfigure.web.servlet.MockMvcPrintOnlyOnFailureTestExecutionListener, org.springframework.boot.test.autoconfigure.web.servlet.WebDriverTestExecutionListener, org.springframework.boot.test.autoconfigure.webservices.client.MockWebServiceServerTestExecutionListener, org.springframework.test.context.web.ServletTestExecutionListener, org.springframework.test.context.support.DirtiesContextBeforeModesTestExecutionListener, org.springframework.test.context.event.ApplicationEventsTestExecutionListener, org.springframework.test.context.support.DependencyInjectionTestExecutionListener, org.springframework.test.context.support.DirtiesContextTestExecutionListener, org.springframework.test.context.transaction.TransactionalTestExecutionListener, org.springframework.test.context.jdbc.SqlScriptsTestExecutionListener, org.springframework.test.context.event.EventPublishingTestExecutionListener]
14-Aug-2022 12:07:22 INFO - Using TestExecutionListeners: [org.springframework.test.context.web.ServletTestExecutionListener@6134ac4a, org.springframework.test.context.support.DirtiesContextBeforeModesTestExecutionListener@777c9dc9, org.springframework.test.context.event.ApplicationEventsTestExecutionListener@71b1a49c, org.springframework.boot.test.mock.mockito.MockitoTestExecutionListener@73e132e0, org.springframework.boot.test.autoconfigure.SpringBootDependencyInjectionTestExecutionListener@3773862a, org.springframework.test.context.support.DirtiesContextTestExecutionListener@2472c7d8, org.springframework.test.context.transaction.TransactionalTestExecutionListener@589b028e, org.springframework.test.context.jdbc.SqlScriptsTestExecutionListener@22175d4f, org.springframework.test.context.event.EventPublishingTestExecutionListener@9fecdf1, org.springframework.boot.test.mock.mockito.ResetMocksTestExecutionListener@3b809711, org.springframework.boot.test.autoconfigure.restdocs.RestDocsTestExecutionListener@3b0f7d9d, org.springframework.boot.test.autoconfigure.web.client.MockRestServiceServerResetTestExecutionListener@236ab296, org.springframework.boot.test.autoconfigure.web.servlet.MockMvcPrintOnlyOnFailureTestExecutionListener@5c84624f, org.springframework.boot.test.autoconfigure.web.servlet.WebDriverTestExecutionListener@63034ed1, org.springframework.boot.test.autoconfigure.webservices.client.MockWebServiceServerTestExecutionListener@232024b9]
14-Aug-2022 12:07:24 INFO - Bootstrapping Spring Data JPA repositories in DEFAULT mode.
14-Aug-2022 12:07:24 INFO - Finished Spring Data repository scanning in 101 ms. Found 2 JPA repository interfaces.
14-Aug-2022 12:07:26 INFO - HikariPool-1 - Starting...
14-Aug-2022 12:07:27 INFO - HikariPool-1 - Start completed.
14-Aug-2022 12:07:27 INFO - HHH000204: Processing PersistenceUnitInfo [name: default]
14-Aug-2022 12:07:29 INFO - HHH000412: Hibernate ORM core version 5.6.10.Final
14-Aug-2022 12:07:30 INFO - HCANN000001: Hibernate Commons Annotations {5.1.2.Final}
14-Aug-2022 12:07:32 INFO - HHH000400: Using dialect: org.hibernate.dialect.MySQL8Dialect
14-Aug-2022 12:07:33 INFO - HHH000490: Using JtaPlatform implementation: [org.hibernate.engine.transaction.jta.platform.internal.NoJtaPlatform]
14-Aug-2022 12:07:33 INFO - Initialized JPA EntityManagerFactory for persistence unit 'default'
14-Aug-2022 12:07:35 WARN - spring.jpa.open-in-view is enabled by default. Therefore, database queries may be performed during view rendering. Explicitly configure spring.jpa.open-in-view to disable this warning
14-Aug-2022 12:07:37 INFO - Closing JPA EntityManagerFactory for persistence unit 'default'
14-Aug-2022 12:07:37 INFO - HikariPool-1 - Shutdown initiated...
14-Aug-2022 12:07:37 INFO - HikariPool-1 - Shutdown completed.
14-Aug-2022 12:12:50 INFO - Neither @ContextConfiguration nor @ContextHierarchy found for test class [com.example.Springdataintegrated2ApplicationTests], using SpringBootContextLoader
14-Aug-2022 12:12:50 INFO - Could not detect default resource locations for test class [com.example.Springdataintegrated2ApplicationTests]: no resource found for suffixes {-context.xml, Context.groovy}.
14-Aug-2022 12:12:50 INFO - Could not detect default configuration classes for test class [com.example.Springdataintegrated2ApplicationTests]: Springdataintegrated2ApplicationTests does not declare any static, non-private, non-final, nested classes annotated with @Configuration.
14-Aug-2022 12:12:50 INFO - Found @SpringBootConfiguration com.example.Springdataintegrated2Application for test class com.example.Springdataintegrated2ApplicationTests
14-Aug-2022 12:12:50 INFO - Loaded default TestExecutionListener class names from location [META-INF/spring.factories]: [org.springframework.boot.test.mock.mockito.MockitoTestExecutionListener, org.springframework.boot.test.mock.mockito.ResetMocksTestExecutionListener, org.springframework.boot.test.autoconfigure.restdocs.RestDocsTestExecutionListener, org.springframework.boot.test.autoconfigure.web.client.MockRestServiceServerResetTestExecutionListener, org.springframework.boot.test.autoconfigure.web.servlet.MockMvcPrintOnlyOnFailureTestExecutionListener, org.springframework.boot.test.autoconfigure.web.servlet.WebDriverTestExecutionListener, org.springframework.boot.test.autoconfigure.webservices.client.MockWebServiceServerTestExecutionListener, org.springframework.test.context.web.ServletTestExecutionListener, org.springframework.test.context.support.DirtiesContextBeforeModesTestExecutionListener, org.springframework.test.context.event.ApplicationEventsTestExecutionListener, org.springframework.test.context.support.DependencyInjectionTestExecutionListener, org.springframework.test.context.support.DirtiesContextTestExecutionListener, org.springframework.test.context.transaction.TransactionalTestExecutionListener, org.springframework.test.context.jdbc.SqlScriptsTestExecutionListener, org.springframework.test.context.event.EventPublishingTestExecutionListener]
14-Aug-2022 12:12:50 INFO - Using TestExecutionListeners: [org.springframework.test.context.web.ServletTestExecutionListener@2577d6c8, org.springframework.test.context.support.DirtiesContextBeforeModesTestExecutionListener@3163987e, org.springframework.test.context.event.ApplicationEventsTestExecutionListener@6c000e0c, org.springframework.boot.test.mock.mockito.MockitoTestExecutionListener@5f233b26, org.springframework.boot.test.autoconfigure.SpringBootDependencyInjectionTestExecutionListener@44f9779c, org.springframework.test.context.support.DirtiesContextTestExecutionListener@6974a715, org.springframework.test.context.transaction.TransactionalTestExecutionListener@5e8a459, org.springframework.test.context.jdbc.SqlScriptsTestExecutionListener@43d455c9, org.springframework.test.context.event.EventPublishingTestExecutionListener@4c9e9fb8, org.springframework.boot.test.mock.mockito.ResetMocksTestExecutionListener@9ec531, org.springframework.boot.test.autoconfigure.restdocs.RestDocsTestExecutionListener@40147317, org.springframework.boot.test.autoconfigure.web.client.MockRestServiceServerResetTestExecutionListener@210f0cc1, org.springframework.boot.test.autoconfigure.web.servlet.MockMvcPrintOnlyOnFailureTestExecutionListener@19542407, org.springframework.boot.test.autoconfigure.web.servlet.WebDriverTestExecutionListener@6f95cd51, org.springframework.boot.test.autoconfigure.webservices.client.MockWebServiceServerTestExecutionListener@c7a977f]
14-Aug-2022 12:12:52 INFO - Bootstrapping Spring Data JPA repositories in DEFAULT mode.
14-Aug-2022 12:12:53 INFO - Finished Spring Data repository scanning in 69 ms. Found 2 JPA repository interfaces.
14-Aug-2022 12:12:54 INFO - HikariPool-1 - Starting...
14-Aug-2022 12:12:55 INFO - HikariPool-1 - Start completed.
14-Aug-2022 12:12:55 INFO - HHH000204: Processing PersistenceUnitInfo [name: default]
14-Aug-2022 12:12:55 INFO - HHH000412: Hibernate ORM core version 5.6.10.Final
14-Aug-2022 12:12:56 INFO - HCANN000001: Hibernate Commons Annotations {5.1.2.Final}
14-Aug-2022 12:12:56 INFO - HHH000400: Using dialect: org.hibernate.dialect.MySQL8Dialect
14-Aug-2022 12:12:57 INFO - HHH000490: Using JtaPlatform implementation: [org.hibernate.engine.transaction.jta.platform.internal.NoJtaPlatform]
14-Aug-2022 12:12:57 INFO - Initialized JPA EntityManagerFactory for persistence unit 'default'
14-Aug-2022 12:12:58 WARN - spring.jpa.open-in-view is enabled by default. Therefore, database queries may be performed during view rendering. Explicitly configure spring.jpa.open-in-view to disable this warning
14-Aug-2022 12:13:01 INFO - Closing JPA EntityManagerFactory for persistence unit 'default'
14-Aug-2022 12:13:01 INFO - HikariPool-1 - Shutdown initiated...
14-Aug-2022 12:13:01 INFO - HikariPool-1 - Shutdown completed.
14-Aug-2022 12:13:30 INFO - Neither @ContextConfiguration nor @ContextHierarchy found for test class [com.example.Springdataintegrated2ApplicationTests], using SpringBootContextLoader
14-Aug-2022 12:13:30 INFO - Could not detect default resource locations for test class [com.example.Springdataintegrated2ApplicationTests]: no resource found for suffixes {-context.xml, Context.groovy}.
14-Aug-2022 12:13:30 INFO - Could not detect default configuration classes for test class [com.example.Springdataintegrated2ApplicationTests]: Springdataintegrated2ApplicationTests does not declare any static, non-private, non-final, nested classes annotated with @Configuration.
14-Aug-2022 12:13:30 INFO - Found @SpringBootConfiguration com.example.Springdataintegrated2Application for test class com.example.Springdataintegrated2ApplicationTests
14-Aug-2022 12:13:30 INFO - Loaded default TestExecutionListener class names from location [META-INF/spring.factories]: [org.springframework.boot.test.mock.mockito.MockitoTestExecutionListener, org.springframework.boot.test.mock.mockito.ResetMocksTestExecutionListener, org.springframework.boot.test.autoconfigure.restdocs.RestDocsTestExecutionListener, org.springframework.boot.test.autoconfigure.web.client.MockRestServiceServerResetTestExecutionListener, org.springframework.boot.test.autoconfigure.web.servlet.MockMvcPrintOnlyOnFailureTestExecutionListener, org.springframework.boot.test.autoconfigure.web.servlet.WebDriverTestExecutionListener, org.springframework.boot.test.autoconfigure.webservices.client.MockWebServiceServerTestExecutionListener, org.springframework.test.context.web.ServletTestExecutionListener, org.springframework.test.context.support.DirtiesContextBeforeModesTestExecutionListener, org.springframework.test.context.event.ApplicationEventsTestExecutionListener, org.springframework.test.context.support.DependencyInjectionTestExecutionListener, org.springframework.test.context.support.DirtiesContextTestExecutionListener, org.springframework.test.context.transaction.TransactionalTestExecutionListener, org.springframework.test.context.jdbc.SqlScriptsTestExecutionListener, org.springframework.test.context.event.EventPublishingTestExecutionListener]
14-Aug-2022 12:13:30 INFO - Using TestExecutionListeners: [org.springframework.test.context.web.ServletTestExecutionListener@62e8f862, org.springframework.test.context.support.DirtiesContextBeforeModesTestExecutionListener@26f3d90c, org.springframework.test.context.event.ApplicationEventsTestExecutionListener@3c49fab6, org.springframework.boot.test.mock.mockito.MockitoTestExecutionListener@515f4131, org.springframework.boot.test.autoconfigure.SpringBootDependencyInjectionTestExecutionListener@74518890, org.springframework.test.context.support.DirtiesContextTestExecutionListener@4c5204af, org.springframework.test.context.transaction.TransactionalTestExecutionListener@3f3ddbd9, org.springframework.test.context.jdbc.SqlScriptsTestExecutionListener@14c053c6, org.springframework.test.context.event.EventPublishingTestExecutionListener@6c2d4cc6, org.springframework.boot.test.mock.mockito.ResetMocksTestExecutionListener@30865a90, org.springframework.boot.test.autoconfigure.restdocs.RestDocsTestExecutionListener@6134ac4a, org.springframework.boot.test.autoconfigure.web.client.MockRestServiceServerResetTestExecutionListener@777c9dc9, org.springframework.boot.test.autoconfigure.web.servlet.MockMvcPrintOnlyOnFailureTestExecutionListener@71b1a49c, org.springframework.boot.test.autoconfigure.web.servlet.WebDriverTestExecutionListener@73e132e0, org.springframework.boot.test.autoconfigure.webservices.client.MockWebServiceServerTestExecutionListener@3773862a]
14-Aug-2022 12:13:33 INFO - Bootstrapping Spring Data JPA repositories in DEFAULT mode.
14-Aug-2022 12:13:33 INFO - Finished Spring Data repository scanning in 128 ms. Found 2 JPA repository interfaces.
14-Aug-2022 12:13:34 INFO - HikariPool-1 - Starting...
14-Aug-2022 12:13:35 INFO - HikariPool-1 - Start completed.
14-Aug-2022 12:13:35 INFO - HHH000204: Processing PersistenceUnitInfo [name: default]
14-Aug-2022 12:13:36 INFO - HHH000412: Hibernate ORM core version 5.6.10.Final
14-Aug-2022 12:13:36 INFO - HCANN000001: Hibernate Commons Annotations {5.1.2.Final}
14-Aug-2022 12:13:36 INFO - HHH000400: Using dialect: org.hibernate.dialect.MySQL8Dialect
14-Aug-2022 12:13:37 INFO - HHH000490: Using JtaPlatform implementation: [org.hibernate.engine.transaction.jta.platform.internal.NoJtaPlatform]
14-Aug-2022 12:13:37 INFO - Initialized JPA EntityManagerFactory for persistence unit 'default'
14-Aug-2022 12:13:39 WARN - spring.jpa.open-in-view is enabled by default. Therefore, database queries may be performed during view rendering. Explicitly configure spring.jpa.open-in-view to disable this warning
14-Aug-2022 12:13:42 INFO - Closing JPA EntityManagerFactory for persistence unit 'default'
14-Aug-2022 12:13:42 INFO - HikariPool-1 - Shutdown initiated...
14-Aug-2022 12:13:42 INFO - HikariPool-1 - Shutdown completed.
14-Aug-2022 12:20:19 INFO - Neither @ContextConfiguration nor @ContextHierarchy found for test class [com.example.Springdataintegrated2ApplicationTests], using SpringBootContextLoader
14-Aug-2022 12:20:19 INFO - Could not detect default resource locations for test class [com.example.Springdataintegrated2ApplicationTests]: no resource found for suffixes {-context.xml, Context.groovy}.
14-Aug-2022 12:20:19 INFO - Could not detect default configuration classes for test class [com.example.Springdataintegrated2ApplicationTests]: Springdataintegrated2ApplicationTests does not declare any static, non-private, non-final, nested classes annotated with @Configuration.
14-Aug-2022 12:20:19 INFO - Found @SpringBootConfiguration com.example.Springdataintegrated2Application for test class com.example.Springdataintegrated2ApplicationTests
14-Aug-2022 12:20:19 INFO - Loaded default TestExecutionListener class names from location [META-INF/spring.factories]: [org.springframework.boot.test.mock.mockito.MockitoTestExecutionListener, org.springframework.boot.test.mock.mockito.ResetMocksTestExecutionListener, org.springframework.boot.test.autoconfigure.restdocs.RestDocsTestExecutionListener, org.springframework.boot.test.autoconfigure.web.client.MockRestServiceServerResetTestExecutionListener, org.springframework.boot.test.autoconfigure.web.servlet.MockMvcPrintOnlyOnFailureTestExecutionListener, org.springframework.boot.test.autoconfigure.web.servlet.WebDriverTestExecutionListener, org.springframework.boot.test.autoconfigure.webservices.client.MockWebServiceServerTestExecutionListener, org.springframework.test.context.web.ServletTestExecutionListener, org.springframework.test.context.support.DirtiesContextBeforeModesTestExecutionListener, org.springframework.test.context.event.ApplicationEventsTestExecutionListener, org.springframework.test.context.support.DependencyInjectionTestExecutionListener, org.springframework.test.context.support.DirtiesContextTestExecutionListener, org.springframework.test.context.transaction.TransactionalTestExecutionListener, org.springframework.test.context.jdbc.SqlScriptsTestExecutionListener, org.springframework.test.context.event.EventPublishingTestExecutionListener]
14-Aug-2022 12:20:19 INFO - Using TestExecutionListeners: [org.springframework.test.context.web.ServletTestExecutionListener@3163987e, org.springframework.test.context.support.DirtiesContextBeforeModesTestExecutionListener@6c000e0c, org.springframework.test.context.event.ApplicationEventsTestExecutionListener@5f233b26, org.springframework.boot.test.mock.mockito.MockitoTestExecutionListener@44f9779c, org.springframework.boot.test.autoconfigure.SpringBootDependencyInjectionTestExecutionListener@6974a715, org.springframework.test.context.support.DirtiesContextTestExecutionListener@5e8a459, org.springframework.test.context.transaction.TransactionalTestExecutionListener@43d455c9, org.springframework.test.context.jdbc.SqlScriptsTestExecutionListener@4c9e9fb8, org.springframework.test.context.event.EventPublishingTestExecutionListener@9ec531, org.springframework.boot.test.mock.mockito.ResetMocksTestExecutionListener@40147317, org.springframework.boot.test.autoconfigure.restdocs.RestDocsTestExecutionListener@210f0cc1, org.springframework.boot.test.autoconfigure.web.client.MockRestServiceServerResetTestExecutionListener@19542407, org.springframework.boot.test.autoconfigure.web.servlet.MockMvcPrintOnlyOnFailureTestExecutionListener@6f95cd51, org.springframework.boot.test.autoconfigure.web.servlet.WebDriverTestExecutionListener@c7a977f, org.springframework.boot.test.autoconfigure.webservices.client.MockWebServiceServerTestExecutionListener@55caeb35]
14-Aug-2022 12:20:21 INFO - Bootstrapping Spring Data JPA repositories in DEFAULT mode.
14-Aug-2022 12:20:22 INFO - Finished Spring Data repository scanning in 111 ms. Found 2 JPA repository interfaces.
14-Aug-2022 12:20:23 INFO - HikariPool-1 - Starting...
14-Aug-2022 12:20:24 INFO - HikariPool-1 - Start completed.
14-Aug-2022 12:20:24 INFO - HHH000204: Processing PersistenceUnitInfo [name: default]
14-Aug-2022 12:20:24 INFO - HHH000412: Hibernate ORM core version 5.6.10.Final
14-Aug-2022 12:20:25 INFO - HCANN000001: Hibernate Commons Annotations {5.1.2.Final}
14-Aug-2022 12:20:25 INFO - HHH000400: Using dialect: org.hibernate.dialect.MySQL8Dialect
14-Aug-2022 12:20:26 INFO - HHH000490: Using JtaPlatform implementation: [org.hibernate.engine.transaction.jta.platform.internal.NoJtaPlatform]
14-Aug-2022 12:20:26 INFO - Initialized JPA EntityManagerFactory for persistence unit 'default'
14-Aug-2022 12:20:27 WARN - spring.jpa.open-in-view is enabled by default. Therefore, database queries may be performed during view rendering. Explicitly configure spring.jpa.open-in-view to disable this warning
14-Aug-2022 12:20:29 INFO - Closing JPA EntityManagerFactory for persistence unit 'default'
14-Aug-2022 12:20:29 INFO - HikariPool-1 - Shutdown initiated...
14-Aug-2022 12:20:30 INFO - HikariPool-1 - Shutdown completed.
14-Aug-2022 12:27:57 INFO - Neither @ContextConfiguration nor @ContextHierarchy found for test class [com.example.Springdataintegrated2ApplicationTests], using SpringBootContextLoader
14-Aug-2022 12:27:57 INFO - Could not detect default resource locations for test class [com.example.Springdataintegrated2ApplicationTests]: no resource found for suffixes {-context.xml, Context.groovy}.
14-Aug-2022 12:27:57 INFO - Could not detect default configuration classes for test class [com.example.Springdataintegrated2ApplicationTests]: Springdataintegrated2ApplicationTests does not declare any static, non-private, non-final, nested classes annotated with @Configuration.
14-Aug-2022 12:27:57 INFO - Found @SpringBootConfiguration com.example.Springdataintegrated2Application for test class com.example.Springdataintegrated2ApplicationTests
14-Aug-2022 12:27:58 INFO - Loaded default TestExecutionListener class names from location [META-INF/spring.factories]: [org.springframework.boot.test.mock.mockito.MockitoTestExecutionListener, org.springframework.boot.test.mock.mockito.ResetMocksTestExecutionListener, org.springframework.boot.test.autoconfigure.restdocs.RestDocsTestExecutionListener, org.springframework.boot.test.autoconfigure.web.client.MockRestServiceServerResetTestExecutionListener, org.springframework.boot.test.autoconfigure.web.servlet.MockMvcPrintOnlyOnFailureTestExecutionListener, org.springframework.boot.test.autoconfigure.web.servlet.WebDriverTestExecutionListener, org.springframework.boot.test.autoconfigure.webservices.client.MockWebServiceServerTestExecutionListener, org.springframework.test.context.web.ServletTestExecutionListener, org.springframework.test.context.support.DirtiesContextBeforeModesTestExecutionListener, org.springframework.test.context.event.ApplicationEventsTestExecutionListener, org.springframework.test.context.support.DependencyInjectionTestExecutionListener, org.springframework.test.context.support.DirtiesContextTestExecutionListener, org.springframework.test.context.transaction.TransactionalTestExecutionListener, org.springframework.test.context.jdbc.SqlScriptsTestExecutionListener, org.springframework.test.context.event.EventPublishingTestExecutionListener]
14-Aug-2022 12:27:58 INFO - Using TestExecutionListeners: [org.springframework.test.context.web.ServletTestExecutionListener@289f15e9, org.springframework.test.context.support.DirtiesContextBeforeModesTestExecutionListener@7f22687e, org.springframework.test.context.event.ApplicationEventsTestExecutionListener@6af87130, org.springframework.boot.test.mock.mockito.MockitoTestExecutionListener@22a4ca4a, org.springframework.boot.test.autoconfigure.SpringBootDependencyInjectionTestExecutionListener@72c4a3aa, org.springframework.test.context.support.DirtiesContextTestExecutionListener@1e495414, org.springframework.test.context.transaction.TransactionalTestExecutionListener@3711c71c, org.springframework.test.context.jdbc.SqlScriptsTestExecutionListener@33e3bd2e, org.springframework.test.context.event.EventPublishingTestExecutionListener@646d810b, org.springframework.boot.test.mock.mockito.ResetMocksTestExecutionListener@30508066, org.springframework.boot.test.autoconfigure.restdocs.RestDocsTestExecutionListener@9408857, org.springframework.boot.test.autoconfigure.web.client.MockRestServiceServerResetTestExecutionListener@27e44e9c, org.springframework.boot.test.autoconfigure.web.servlet.MockMvcPrintOnlyOnFailureTestExecutionListener@2f09e6b2, org.springframework.boot.test.autoconfigure.web.servlet.WebDriverTestExecutionListener@1bee0085, org.springframework.boot.test.autoconfigure.webservices.client.MockWebServiceServerTestExecutionListener@16e1219f]
14-Aug-2022 12:28:01 INFO - Bootstrapping Spring Data JPA repositories in DEFAULT mode.
14-Aug-2022 12:28:01 INFO - Finished Spring Data repository scanning in 112 ms. Found 2 JPA repository interfaces.
14-Aug-2022 12:28:04 INFO - HikariPool-1 - Starting...
14-Aug-2022 12:28:05 INFO - HikariPool-1 - Start completed.
14-Aug-2022 12:28:05 INFO - HHH000204: Processing PersistenceUnitInfo [name: default]
14-Aug-2022 12:28:05 INFO - HHH000412: Hibernate ORM core version 5.6.10.Final
14-Aug-2022 12:28:06 INFO - HCANN000001: Hibernate Commons Annotations {5.1.2.Final}
14-Aug-2022 12:28:07 INFO - HHH000400: Using dialect: org.hibernate.dialect.MySQL8Dialect
14-Aug-2022 12:28:08 INFO - HHH000490: Using JtaPlatform implementation: [org.hibernate.engine.transaction.jta.platform.internal.NoJtaPlatform]
14-Aug-2022 12:28:08 INFO - Initialized JPA EntityManagerFactory for persistence unit 'default'
14-Aug-2022 12:28:10 WARN - spring.jpa.open-in-view is enabled by default. Therefore, database queries may be performed during view rendering. Explicitly configure spring.jpa.open-in-view to disable this warning
14-Aug-2022 12:28:14 INFO - Closing JPA EntityManagerFactory for persistence unit 'default'
14-Aug-2022 12:28:14 INFO - HikariPool-1 - Shutdown initiated...
14-Aug-2022 12:28:14 INFO - HikariPool-1 - Shutdown completed.
14-Aug-2022 12:31:10 INFO - Closing JPA EntityManagerFactory for persistence unit 'default'
14-Aug-2022 12:31:10 INFO - HikariPool-2 - Shutdown initiated...
14-Aug-2022 12:31:10 INFO - HikariPool-2 - Shutdown completed.
14-Aug-2022 12:31:10 INFO - Bootstrapping Spring Data JPA repositories in DEFAULT mode.
14-Aug-2022 12:31:10 INFO - Finished Spring Data repository scanning in 18 ms. Found 2 JPA repository interfaces.
14-Aug-2022 12:31:11 INFO - Tomcat initialized with port(s): 7777 (http)
14-Aug-2022 12:31:11 INFO - Initializing ProtocolHandler ["http-nio-7777"]
14-Aug-2022 12:31:11 INFO - Starting service [Tomcat]
14-Aug-2022 12:31:11 INFO - Starting Servlet engine: [Apache Tomcat/9.0.65]
14-Aug-2022 12:31:11 INFO - Initializing Spring embedded WebApplicationContext
14-Aug-2022 12:31:11 INFO - Root WebApplicationContext: initialization completed in 892 ms
14-Aug-2022 12:31:11 INFO - HikariPool-3 - Starting...
14-Aug-2022 12:31:11 INFO - HikariPool-3 - Start completed.
14-Aug-2022 12:31:11 INFO - HHH000204: Processing PersistenceUnitInfo [name: default]
14-Aug-2022 12:31:11 INFO - HHH000400: Using dialect: org.hibernate.dialect.MySQL8Dialect
14-Aug-2022 12:31:11 INFO - HHH000490: Using JtaPlatform implementation: [org.hibernate.engine.transaction.jta.platform.internal.NoJtaPlatform]
14-Aug-2022 12:31:11 INFO - Initialized JPA EntityManagerFactory for persistence unit 'default'
14-Aug-2022 12:31:11 WARN - spring.jpa.open-in-view is enabled by default. Therefore, database queries may be performed during view rendering. Explicitly configure spring.jpa.open-in-view to disable this warning
14-Aug-2022 12:31:12 INFO - LiveReload server is running on port 35729
14-Aug-2022 12:31:12 INFO - Starting ProtocolHandler ["http-nio-7777"]
14-Aug-2022 12:31:12 INFO - Tomcat started on port(s): 7777 (http) with context path ''
14-Aug-2022 12:31:12 INFO - Condition evaluation unchanged
14-Aug-2022 12:31:12 INFO - Neither @ContextConfiguration nor @ContextHierarchy found for test class [com.example.Springdataintegrated2ApplicationTests], using SpringBootContextLoader
14-Aug-2022 12:31:13 INFO - Could not detect default resource locations for test class [com.example.Springdataintegrated2ApplicationTests]: no resource found for suffixes {-context.xml, Context.groovy}.
14-Aug-2022 12:31:13 INFO - Could not detect default configuration classes for test class [com.example.Springdataintegrated2ApplicationTests]: Springdataintegrated2ApplicationTests does not declare any static, non-private, non-final, nested classes annotated with @Configuration.
14-Aug-2022 12:31:13 INFO - Found @SpringBootConfiguration com.example.Springdataintegrated2Application for test class com.example.Springdataintegrated2ApplicationTests
14-Aug-2022 12:31:13 INFO - Loaded default TestExecutionListener class names from location [META-INF/spring.factories]: [org.springframework.boot.test.mock.mockito.MockitoTestExecutionListener, org.springframework.boot.test.mock.mockito.ResetMocksTestExecutionListener, org.springframework.boot.test.autoconfigure.restdocs.RestDocsTestExecutionListener, org.springframework.boot.test.autoconfigure.web.client.MockRestServiceServerResetTestExecutionListener, org.springframework.boot.test.autoconfigure.web.servlet.MockMvcPrintOnlyOnFailureTestExecutionListener, org.springframework.boot.test.autoconfigure.web.servlet.WebDriverTestExecutionListener, org.springframework.boot.test.autoconfigure.webservices.client.MockWebServiceServerTestExecutionListener, org.springframework.test.context.web.ServletTestExecutionListener, org.springframework.test.context.support.DirtiesContextBeforeModesTestExecutionListener, org.springframework.test.context.event.ApplicationEventsTestExecutionListener, org.springframework.test.context.support.DependencyInjectionTestExecutionListener, org.springframework.test.context.support.DirtiesContextTestExecutionListener, org.springframework.test.context.transaction.TransactionalTestExecutionListener, org.springframework.test.context.jdbc.SqlScriptsTestExecutionListener, org.springframework.test.context.event.EventPublishingTestExecutionListener]
14-Aug-2022 12:31:13 INFO - Using TestExecutionListeners: [org.springframework.test.context.web.ServletTestExecutionListener@22d6cac2, org.springframework.test.context.support.DirtiesContextBeforeModesTestExecutionListener@30cdae70, org.springframework.test.context.event.ApplicationEventsTestExecutionListener@1654a892, org.springframework.boot.test.mock.mockito.MockitoTestExecutionListener@2577d6c8, org.springframework.boot.test.autoconfigure.SpringBootDependencyInjectionTestExecutionListener@3163987e, org.springframework.test.context.support.DirtiesContextTestExecutionListener@6c000e0c, org.springframework.test.context.transaction.TransactionalTestExecutionListener@5f233b26, org.springframework.test.context.jdbc.SqlScriptsTestExecutionListener@44f9779c, org.springframework.test.context.event.EventPublishingTestExecutionListener@6974a715, org.springframework.boot.test.mock.mockito.ResetMocksTestExecutionListener@5e8a459, org.springframework.boot.test.autoconfigure.restdocs.RestDocsTestExecutionListener@43d455c9, org.springframework.boot.test.autoconfigure.web.client.MockRestServiceServerResetTestExecutionListener@4c9e9fb8, org.springframework.boot.test.autoconfigure.web.servlet.MockMvcPrintOnlyOnFailureTestExecutionListener@9ec531, org.springframework.boot.test.autoconfigure.web.servlet.WebDriverTestExecutionListener@40147317, org.springframework.boot.test.autoconfigure.webservices.client.MockWebServiceServerTestExecutionListener@210f0cc1]
14-Aug-2022 12:31:15 INFO - Bootstrapping Spring Data JPA repositories in DEFAULT mode.
14-Aug-2022 12:31:15 INFO - Finished Spring Data repository scanning in 75 ms. Found 2 JPA repository interfaces.
14-Aug-2022 12:31:16 INFO - HikariPool-1 - Starting...
14-Aug-2022 12:31:17 INFO - HikariPool-1 - Start completed.
14-Aug-2022 12:31:17 INFO - HHH000204: Processing PersistenceUnitInfo [name: default]
14-Aug-2022 12:31:18 INFO - HHH000412: Hibernate ORM core version 5.6.10.Final
14-Aug-2022 12:31:18 INFO - HCANN000001: Hibernate Commons Annotations {5.1.2.Final}
14-Aug-2022 12:31:18 INFO - HHH000400: Using dialect: org.hibernate.dialect.MySQL8Dialect
14-Aug-2022 12:31:19 INFO - HHH000490: Using JtaPlatform implementation: [org.hibernate.engine.transaction.jta.platform.internal.NoJtaPlatform]
14-Aug-2022 12:31:19 INFO - Initialized JPA EntityManagerFactory for persistence unit 'default'
14-Aug-2022 12:31:21 WARN - spring.jpa.open-in-view is enabled by default. Therefore, database queries may be performed during view rendering. Explicitly configure spring.jpa.open-in-view to disable this warning
14-Aug-2022 12:31:23 INFO - Closing JPA EntityManagerFactory for persistence unit 'default'
14-Aug-2022 12:31:23 INFO - HikariPool-1 - Shutdown initiated...
14-Aug-2022 12:31:23 INFO - HikariPool-1 - Shutdown completed.
14-Aug-2022 12:32:22 INFO - Initializing Spring DispatcherServlet 'dispatcherServlet'
14-Aug-2022 12:32:22 INFO - Initializing Servlet 'dispatcherServlet'
14-Aug-2022 12:32:22 INFO - Completed initialization in 1 ms
